####################
[05:39 PM - 7/10/2023]:
	[type]: Error
	[message]: Error: sh: prisma: command not found
####################

####################
[05:40 PM - 7/10/2023]:
	[type]: Error
	[message]: Error: sh: prisma: command not found
####################

####################
[05:40 PM - 7/10/2023]:
	[type]: Error
	[message]: Error: sh: prisma: command not found
####################

####################
[05:42 PM - 7/10/2023]:
	[type]: Error
	[message]: Error: sh: prisma: command not found
####################

####################
[05:43 PM - 7/10/2023]:
	[type]: Error
	[message]: Error: sh: prisma: command not found
####################

####################
[05:43 PM - 7/10/2023]:
	[type]: Error
	[message]: Error: sh: prisma: command not found
####################

####################
[05:43 PM - 7/10/2023]:
	[type]: Error
	[message]: Error: sh: prisma: command not found
####################

####################
[05:43 PM - 7/10/2023]:
	[type]: Error
	[message]: Error: sh: prisma: command not found
####################

####################
[05:44 PM - 7/10/2023]:
	[type]: Error
	[message]: Error: sh: prisma: command not found
####################

####################
[12:05 AM - 8/1/2023]:
	[type]: Error
	[message]: Invalid password.
####################

####################
[01:03 AM - 8/19/2023]:
	[type]: Error
	[message]: Access denied.
####################

####################
[01:06 AM - 8/19/2023]:
	[type]: Error
	[message]: Error: 
Invalid `prisma.classroom.createMany()` invocation:

{
  data: {
?   id?: Int,
+   name: String,
    relation_student: undefined
  },
  skipDuplicates: undefined
}

Argument name for data.name is missing.

Note: Lines with + are required, lines with ? are optional.

####################

####################
[01:19 AM - 8/19/2023]:
	[type]: SystemPandaError
	[level]: informative
	[status]: 404
	[message]: No data to update.
####################

####################
[01:19 AM - 8/19/2023]:
	[type]: SystemPandaError
	[level]: informative
	[status]: 400
	[message]: Malformed JSON in the WHERE clause.
####################

####################
[01:19 AM - 8/19/2023]:
	[type]: SystemPandaError
	[level]: informative
	[status]: 400
	[message]: Malformed JSON in the WHERE clause.
####################

####################
[01:19 AM - 8/19/2023]:
	[type]: SystemPandaError
	[level]: informative
	[status]: 400
	[message]: Malformed JSON in the WHERE clause.
####################

####################
[01:23 AM - 8/19/2023]:
	[type]: Error
	[message]: Error: 
Invalid `prisma.song.createMany()` invocation:

{
  data: {
?   id?: Int,
+   title: String,
    relation_album: undefined,
?   relation_albumId?: Int | null
  },
  skipDuplicates: undefined
}

Argument title for data.title is missing.

Note: Lines with + are required, lines with ? are optional.

####################

####################
[01:23 AM - 8/19/2023]:
	[type]: Error
	[message]: Error: 
Invalid `prisma.song.createMany()` invocation:

{
  data: {
?   id?: Int,
+   title: String,
    relation_album: undefined,
?   relation_albumId?: Int | null
  },
  skipDuplicates: undefined
}

Argument title for data.title is missing.

Note: Lines with + are required, lines with ? are optional.

####################

####################
[01:25 AM - 8/19/2023]:
	[type]: Error
	[message]: SyntaxError: Expected property name or '}' in JSON at position 6
####################

####################
[01:25 AM - 8/19/2023]:
	[type]: Error
	[message]: SyntaxError: Expected property name or '}' in JSON at position 6
####################

####################
[01:25 AM - 8/19/2023]:
	[type]: Error
	[message]: SyntaxError: Expected property name or '}' in JSON at position 6
####################

####################
[01:25 AM - 8/19/2023]:
	[type]: Error
	[message]: SyntaxError: Expected property name or '}' in JSON at position 6
####################

####################
[01:26 AM - 8/19/2023]:
	[type]: Error
	[message]: SyntaxError: Expected property name or '}' in JSON at position 6
####################

####################
[01:26 AM - 8/19/2023]:
	[type]: Error
	[message]: SyntaxError: Expected property name or '}' in JSON at position 6
####################

####################
[10:15 PM - 8/19/2023]:
	[type]: Error
	[message]: SyntaxError: Expected property name or '}' in JSON at position 6
####################

####################
[01:14 AM - 8/25/2023]:
	[type]: SystemPandaError
	[level]: informative
	[status]: 404
	[message]: No data to update.
####################

####################
[04:12 PM - 8/26/2023]:
	[type]: Error
	[message]: SyntaxError: Expected double-quoted property name in JSON at position 77
####################

####################
[07:45 PM - 8/28/2023]:
	[type]: Error
	[message]: Error: 
Invalid `prisma.users.findUnique()` invocation:

{
  where: {
?   email?: String,
?   id?: Int
  }
}

Argument where of type usersWhereUniqueInput needs at least one argument. Available args are listed in green.

Note: Lines with ? are optional.

####################

####################
[07:45 PM - 8/28/2023]:
	[type]: Error
	[message]: SyntaxError: Expected property name or '}' in JSON at position 6
####################

####################
[11:23 PM - 9/7/2023]:
	[type]: Error
	[message]: Invalid password.
####################

####################
[11:23 PM - 9/7/2023]:
	[type]: Error
	[message]: Invalid password.
####################

####################
[11:23 PM - 9/7/2023]:
	[type]: Error
	[message]: Invalid password.
####################

####################
[11:23 PM - 9/7/2023]:
	[type]: Error
	[message]: Invalid password.
####################

####################
[11:23 PM - 9/7/2023]:
	[type]: Error
	[message]: Invalid password.
####################

####################
[11:23 PM - 9/7/2023]:
	[type]: Error
	[message]: Invalid password.
####################

####################
[11:07 AM - 9/17/2023]:
	[type]: Error
	[message]: Error: 
Invalid `prisma.student.findMany()` invocation:

{
  where: {
    slug: 'student'
    ~~~~
  }
}

Unknown arg `slug` in where.slug for type studentWhereInput. Did you mean `AND`? Available args:
type studentWhereInput {
  AND?: studentWhereInput | List<studentWhereInput>
  OR?: List<studentWhereInput>
  NOT?: studentWhereInput | List<studentWhereInput>
  id?: StringFilter | String
  name?: StringNullableFilter | String | Null
  relation_classroom?: ClassroomListRelationFilter
}


####################

####################
[11:38 AM - 9/17/2023]:
	[type]: Error
	[message]: Access denied.
####################

####################
[11:38 AM - 9/17/2023]:
	[type]: Error
	[message]: Access denied.
####################

####################
[11:38 AM - 9/17/2023]:
	[type]: Error
	[message]: Access denied.
####################

####################
[11:39 AM - 9/17/2023]:
	[type]: Error
	[message]: Access denied.
####################

####################
[11:50 AM - 9/17/2023]:
	[type]: Error
	[message]: Access denied.
####################

####################
[07:09 PM - 9/17/2023]:
	[type]: Error
	[message]: Error: ENOENT: no such file or directory, stat '/Users/kevindo/Projects/github/personal/system-panda-test-app/node_modules/system-panda/build/server/static/index.html'
####################

####################
[07:09 PM - 9/17/2023]:
	[type]: Error
	[message]: Error: ENOENT: no such file or directory, stat '/Users/kevindo/Projects/github/personal/system-panda-test-app/node_modules/system-panda/build/server/static/index.html'
####################

####################
[07:09 PM - 9/17/2023]:
	[type]: Error
	[message]: Error: ENOENT: no such file or directory, stat '/Users/kevindo/Projects/github/personal/system-panda-test-app/node_modules/system-panda/build/server/static/index.html'
####################

####################
[07:09 PM - 9/17/2023]:
	[type]: Error
	[message]: Error: ENOENT: no such file or directory, stat '/Users/kevindo/Projects/github/personal/system-panda-test-app/node_modules/system-panda/build/server/static/index.html'
####################

####################
[07:10 PM - 9/17/2023]:
	[type]: Error
	[message]: Error: ENOENT: no such file or directory, stat '/Users/kevindo/Projects/github/personal/system-panda-test-app/node_modules/system-panda/build/server/static/index.html'
####################

####################
[07:10 PM - 9/17/2023]:
	[type]: Error
	[message]: Error: ENOENT: no such file or directory, stat '/Users/kevindo/Projects/github/personal/system-panda-test-app/node_modules/system-panda/build/server/static/index.html'
####################

####################
[07:10 PM - 9/17/2023]:
	[type]: Error
	[message]: Error: ENOENT: no such file or directory, stat '/Users/kevindo/Projects/github/personal/system-panda-test-app/node_modules/system-panda/build/server/static/index.html'
####################

####################
[07:10 PM - 9/17/2023]:
	[type]: Error
	[message]: Error: ENOENT: no such file or directory, stat '/Users/kevindo/Projects/github/personal/system-panda-test-app/node_modules/system-panda/build/server/static/index.html'
####################

####################
[07:10 PM - 9/17/2023]:
	[type]: Error
	[message]: Error: ENOENT: no such file or directory, stat '/Users/kevindo/Projects/github/personal/system-panda-test-app/node_modules/system-panda/build/server/static/index.html'
####################

####################
[07:10 PM - 9/17/2023]:
	[type]: Error
	[message]: Error: ENOENT: no such file or directory, stat '/Users/kevindo/Projects/github/personal/system-panda-test-app/node_modules/system-panda/build/server/static/index.html'
####################

####################
[11:52 PM - 9/17/2023]:
	[type]: Error
	[message]: TypeError: undefined is not iterable (cannot read property Symbol(Symbol.iterator))
####################

####################
[12:05 AM - 9/18/2023]:
	[type]: Error
	[message]: Access denied.
####################

####################
[12:05 AM - 9/18/2023]:
	[type]: Error
	[message]: Access denied.
####################

####################
[12:05 AM - 9/18/2023]:
	[type]: Error
	[message]: Access denied.
####################

####################
[12:05 AM - 9/18/2023]:
	[type]: Error
	[message]: Access denied.
####################

####################
[12:06 AM - 9/18/2023]:
	[type]: Error
	[message]: Access denied.
####################

####################
[12:06 AM - 9/18/2023]:
	[type]: Error
	[message]: Access denied.
####################

